<?xml version="1.0" encoding="UTF-8"?>
<testsuite name="com.home.reminisce.api.controller.SessionControllerTest" tests="6" skipped="0" failures="0" errors="0" timestamp="2023-05-29T18:29:03" hostname="Antons-MacBook-Pro.local" time="0.093">
  <properties/>
  <testcase name="givenValidSessionId_whenGetSessionById_thenReturnSession()" classname="com.home.reminisce.api.controller.SessionControllerTest" time="0.079"/>
  <testcase name="getSessions_thenReturnListOfSessions()" classname="com.home.reminisce.api.controller.SessionControllerTest" time="0.003"/>
  <testcase name="givenInvalidSessionId_whenGetSessionById_thenReturnNotFound()" classname="com.home.reminisce.api.controller.SessionControllerTest" time="0.004"/>
  <testcase name="givenInvalidSessionId_whenEndSession_thenReturnNotFound()" classname="com.home.reminisce.api.controller.SessionControllerTest" time="0.001"/>
  <testcase name="givenValidSessionRequest_whenCreateSession_thenReturnCreatedSession()" classname="com.home.reminisce.api.controller.SessionControllerTest" time="0.001"/>
  <testcase name="givenValidSessionId_whenEndSession_thenReturnUpdatedSession()" classname="com.home.reminisce.api.controller.SessionControllerTest" time="0.001"/>
  <system-out><![CDATA[]]></system-out>
  <system-err><![CDATA[]]></system-err>
</testsuite>
